-------------------------------------------------------------------------------
Test set: com.example.DXNShop.DxnShopApplicationTests
-------------------------------------------------------------------------------
Tests run: 1, Failures: 0, Errors: 1, Skipped: 0, Time elapsed: 26.944 s <<< FAILURE! - in com.example.DXNShop.DxnShopApplicationTests
contextLoads  Time elapsed: 0.003 s  <<< ERROR!
java.lang.IllegalStateException: Failed to load ApplicationContext
Caused by: java.lang.IllegalStateException: Failed to execute CommandLineRunner
Caused by: org.springframework.dao.InvalidDataAccessApiUsageException: org.hibernate.TransientPropertyValueException: object references an unsaved transient instance - save the transient instance before flushing : com.example.DXNShop.carrito.Carrito.usuario -> com.example.DXNShop.usuario.Usuario; nested exception is java.lang.IllegalStateException: org.hibernate.TransientPropertyValueException: object references an unsaved transient instance - save the transient instance before flushing : com.example.DXNShop.carrito.Carrito.usuario -> com.example.DXNShop.usuario.Usuario
Caused by: java.lang.IllegalStateException: org.hibernate.TransientPropertyValueException: object references an unsaved transient instance - save the transient instance before flushing : com.example.DXNShop.carrito.Carrito.usuario -> com.example.DXNShop.usuario.Usuario
Caused by: org.hibernate.TransientPropertyValueException: object references an unsaved transient instance - save the transient instance before flushing : com.example.DXNShop.carrito.Carrito.usuario -> com.example.DXNShop.usuario.Usuario

